c:\users\carlo\documents\visual studio 2015\projects\commandandconquer\commandandconquer\debug\vc140.pdb
c:\users\carlo\documents\visual studio 2015\projects\commandandconquer\commandandconquer\debug\vc140.idb
c:\users\carlo\documents\visual studio 2015\projects\commandandconquer\commandandconquer\debug\building.obj
c:\users\carlo\documents\visual studio 2015\projects\commandandconquer\commandandconquer\debug\unit.obj
c:\users\carlo\documents\visual studio 2015\projects\commandandconquer\commandandconquer\debug\main.obj
c:\users\carlo\documents\visual studio 2015\projects\commandandconquer\commandandconquer\debug\player.obj
c:\users\carlo\documents\visual studio 2015\projects\commandandconquer\commandandconquer\debug\upgrade.obj
c:\users\carlo\documents\visual studio 2015\projects\commandandconquer\commandandconquer\debug\vc120.idb
c:\users\carlo\documents\visual studio 2015\projects\commandandconquer\debug\commandandconquer.pdb
c:\users\carlo\documents\visual studio 2015\projects\commandandconquer\commandandconquer\debug\commanda.d6ec3e18.tlog\cl.command.1.tlog
c:\users\carlo\documents\visual studio 2015\projects\commandandconquer\commandandconquer\debug\commanda.d6ec3e18.tlog\cl.read.1.tlog
c:\users\carlo\documents\visual studio 2015\projects\commandandconquer\commandandconquer\debug\commanda.d6ec3e18.tlog\cl.write.1.tlog
c:\users\carlo\documents\visual studio 2015\projects\commandandconquer\commandandconquer\debug\commanda.d6ec3e18.tlog\link.1267368-cvtres.read.1.tlog
c:\users\carlo\documents\visual studio 2015\projects\commandandconquer\commandandconquer\debug\commanda.d6ec3e18.tlog\link.1267368-cvtres.write.1.tlog
c:\users\carlo\documents\visual studio 2015\projects\commandandconquer\commandandconquer\debug\commanda.d6ec3e18.tlog\link.1267368-rc.read.1.tlog
c:\users\carlo\documents\visual studio 2015\projects\commandandconquer\commandandconquer\debug\commanda.d6ec3e18.tlog\link.1267368-rc.write.1.tlog
c:\users\carlo\documents\visual studio 2015\projects\commandandconquer\commandandconquer\debug\commanda.d6ec3e18.tlog\link.1267368.read.1.tlog
c:\users\carlo\documents\visual studio 2015\projects\commandandconquer\commandandconquer\debug\commanda.d6ec3e18.tlog\link.1267368.write.1.tlog
c:\users\carlo\documents\visual studio 2015\projects\commandandconquer\commandandconquer\debug\commanda.d6ec3e18.tlog\link.command.1.tlog
c:\users\carlo\documents\visual studio 2015\projects\commandandconquer\commandandconquer\debug\commanda.d6ec3e18.tlog\link.read.1.tlog
c:\users\carlo\documents\visual studio 2015\projects\commandandconquer\commandandconquer\debug\commanda.d6ec3e18.tlog\link.write.1.tlog
